.====================================================================.
                                                                      
 .d8888b.   .o8888b.   db  .d8888b.  d8888b. d88888b d8888b.  .d888b. 
.8P    Y8. d8P    Y8   88 .8P    Y8. 88  `8D 88'     88  `8D .8P , Y8.
88      88 8P      oooo88 88      88 88oooY' 88oooo  88oobY' 88  |  88
88      88 8b      ~~~~88 88      88 88~~~b. 88~~~~  88`8b   88  |/ 88
`8b    d8' Y8b    d8   88 `8b    d8' 88   8D 88.     88 `88. `8b | d8'
 `Y8888P'   `Y8888P'   YP  `Y8888P'  Y8888P' Y88888P 88   YD  `Y888P' 
                                                                      
`========================== INSTALLATION LOG ========================'

[2016/10/31 09:44:35] Host: Linux ictues 4.6.0-0.bpo.1-amd64 #1 SMP Debian 4.6.3-1~bpo8+1 (2016-07-13) x86_64
[2016/10/31 09:44:35] PHP version: 7.0.12-1~dotdeb+8.1
[2016/10/31 09:44:35] Server software: Apache
[2016/10/31 09:44:35] Operating system: Linux
[2016/10/31 09:44:35] Memory limit: 128M
[2016/10/31 09:44:35] Max execution time: 3600
.============================ POST REQUEST ==========================.
[2016/10/31 09:44:35] Postback payload: Array
(
    [code] => phpVersion
    [handler] => onCheckRequirement
)

[2016/10/31 09:44:35] System check: phpVersion
[2016/10/31 09:44:35] Requirement phpVersion +OK
[2016/10/31 09:44:35] Execute handler (onCheckRequirement): Array
(
    [result] => 1
)

.============================ POST REQUEST ==========================.
[2016/10/31 09:44:36] Postback payload: Array
(
    [code] => curlLibrary
    [handler] => onCheckRequirement
)

[2016/10/31 09:44:36] System check: curlLibrary
[2016/10/31 09:44:36] Requirement curlLibrary +OK
[2016/10/31 09:44:36] Execute handler (onCheckRequirement): Array
(
    [result] => 1
)

.============================ POST REQUEST ==========================.
[2016/10/31 09:44:36] Postback payload: Array
(
    [code] => liveConnection
    [handler] => onCheckRequirement
)

[2016/10/31 09:44:36] System check: liveConnection
[2016/10/31 09:44:43] Server request: ping
[2016/10/31 09:44:43] Request information: Array
(
    [url] => http://octobercms.com/api/ping
    [content_type] => application/json
    [http_code] => 200
    [header_size] => 773
    [request_size] => 183
    [filetime] => -1
    [ssl_verify_result] => 0
    [redirect_count] => 0
    [total_time] => 6.804194
    [namelookup_time] => 6.531363
    [connect_time] => 6.562397
    [pretransfer_time] => 6.562425
    [size_upload] => 52
    [size_download] => 14
    [speed_download] => 2
    [speed_upload] => 7
    [download_content_length] => 14
    [upload_content_length] => 52
    [starttransfer_time] => 6.80416
    [redirect_time] => 0
    [redirect_url] => 
    [primary_ip] => 104.24.113.12
    [certinfo] => Array
        (
        )

    [primary_port] => 80
    [local_ip] => 138.255.154.180
    [local_port] => 40774
)

[2016/10/31 09:44:43] Requirement liveConnection +OK
[2016/10/31 09:44:43] Execute handler (onCheckRequirement): Array
(
    [result] => 1
)

.============================ POST REQUEST ==========================.
[2016/10/31 09:44:44] Postback payload: Array
(
    [code] => writePermission
    [handler] => onCheckRequirement
)

[2016/10/31 09:44:44] System check: writePermission
[2016/10/31 09:44:44] Requirement writePermission +OK
[2016/10/31 09:44:44] Execute handler (onCheckRequirement): Array
(
    [result] => 1
)

.============================ POST REQUEST ==========================.
[2016/10/31 09:44:44] Postback payload: Array
(
    [code] => pdoLibrary
    [handler] => onCheckRequirement
)

[2016/10/31 09:44:44] System check: pdoLibrary
[2016/10/31 09:44:44] Requirement pdoLibrary +OK
[2016/10/31 09:44:44] Execute handler (onCheckRequirement): Array
(
    [result] => 1
)

.============================ POST REQUEST ==========================.
[2016/10/31 09:44:45] Postback payload: Array
(
    [code] => mbstringLibrary
    [handler] => onCheckRequirement
)

[2016/10/31 09:44:45] System check: mbstringLibrary
[2016/10/31 09:44:45] Requirement mbstringLibrary +OK
[2016/10/31 09:44:45] Execute handler (onCheckRequirement): Array
(
    [result] => 1
)

.============================ POST REQUEST ==========================.
[2016/10/31 09:44:45] Postback payload: Array
(
    [code] => sslLibrary
    [handler] => onCheckRequirement
)

[2016/10/31 09:44:45] System check: sslLibrary
[2016/10/31 09:44:45] Requirement sslLibrary +OK
[2016/10/31 09:44:45] Execute handler (onCheckRequirement): Array
(
    [result] => 1
)

.============================ POST REQUEST ==========================.
[2016/10/31 09:44:46] Postback payload: Array
(
    [code] => zipLibrary
    [handler] => onCheckRequirement
)

[2016/10/31 09:44:46] System check: zipLibrary
[2016/10/31 09:44:46] Requirement zipLibrary +OK
[2016/10/31 09:44:46] Execute handler (onCheckRequirement): Array
(
    [result] => 1
)

.============================ POST REQUEST ==========================.
[2016/10/31 09:44:46] Postback payload: Array
(
    [code] => gdLibrary
    [handler] => onCheckRequirement
)

[2016/10/31 09:44:46] System check: gdLibrary
[2016/10/31 09:44:46] Requirement gdLibrary +OK
[2016/10/31 09:44:46] Execute handler (onCheckRequirement): Array
(
    [result] => 1
)

.============================ POST REQUEST ==========================.
[2016/10/31 09:45:32] Postback payload: Array
(
    [db_type] => pgsql
    [db_host] => localhost
    [db_port] => 
    [db_name] => sicues
    [db_user] => sicues
    [db_pass] => *******
    [admin_first_name] => Admin
    [admin_last_name] => Person
    [admin_email] => *******@*****.com
    [admin_login] => admin
    [admin_password] => *******
    [admin_confirm_password] => *******
    [backend_uri] => /backend
    [encryption_code] => *******
    [file_mask] => 777
    [folder_mask] => 777
    [handler] => onValidateDatabase
)

.============================ POST REQUEST ==========================.
[2016/10/31 09:45:32] Postback payload: Array
(
    [db_type] => pgsql
    [db_host] => localhost
    [db_port] => 
    [db_name] => sicues
    [db_user] => sicues
    [db_pass] => *******
    [admin_first_name] => Admin
    [admin_last_name] => Person
    [admin_email] => *******@*****.com
    [admin_login] => admin
    [admin_password] => *******
    [admin_confirm_password] => *******
    [backend_uri] => /backend
    [encryption_code] => *******
    [file_mask] => 777
    [folder_mask] => 777
    [handler] => onValidateAdminAccount
)

.============================ POST REQUEST ==========================.
[2016/10/31 09:45:32] Postback payload: Array
(
    [db_type] => pgsql
    [db_host] => localhost
    [db_port] => 
    [db_name] => sicues
    [db_user] => sicues
    [db_pass] => *******
    [admin_first_name] => Admin
    [admin_last_name] => Person
    [admin_email] => *******@*****.com
    [admin_login] => admin
    [admin_password] => *******
    [admin_confirm_password] => *******
    [backend_uri] => /backend
    [encryption_code] => *******
    [file_mask] => 777
    [folder_mask] => 777
    [handler] => onValidateAdvancedConfig
)

.============================ POST REQUEST ==========================.
[2016/10/31 09:46:15] Postback payload: Array
(
    [handler] => onGetPopularThemes
)

[2016/10/31 09:46:21] Server request: theme/popular
[2016/10/31 09:46:21] Request information: Array
(
    [url] => http://octobercms.com/api/theme/popular
    [content_type] => application/json
    [http_code] => 200
    [header_size] => 777
    [request_size] => 192
    [filetime] => -1
    [ssl_verify_result] => 0
    [redirect_count] => 0
    [total_time] => 5.83622
    [namelookup_time] => 5.514904
    [connect_time] => 5.545617
    [pretransfer_time] => 5.545644
    [size_upload] => 52
    [size_download] => 1819
    [speed_download] => 311
    [speed_upload] => 8
    [download_content_length] => 1819
    [upload_content_length] => 52
    [starttransfer_time] => 5.836189
    [redirect_time] => 0
    [redirect_url] => 
    [primary_ip] => 104.24.113.12
    [certinfo] => Array
        (
        )

    [primary_port] => 80
    [local_ip] => 138.255.154.180
    [local_port] => 40778
)

[2016/10/31 09:46:21] Execute handler (onGetPopularThemes): Array
(
    [0] => Array
        (
            [name] => Relax
            [description] => A fictional site called House of Chairs that demonstrates how to build a client-friendly website.
            [code] => RainLab.Relax
            [updated_at] => 2015-07-01 19:16:08
            [image] => http://octobercms.com/storage/app/uploads/public/559/49e/2da/thumb_2585_210x140_0_0_crop.png
            [author] => RainLab
            [hash] => a35c64b09ad6347b8a226291e5b8fd75
            [demo_url] => 
            [product_url] => http://octobercms.com/theme/rainlab-relax
        )

    [1] => Array
        (
            [name] => Vanilla
            [description] => A plain starter template that implements account management, a blog and community forum.
            [code] => RainLab.Vanilla
            [updated_at] => 2015-04-14 16:37:36
            [image] => http://octobercms.com/storage/app/uploads/public/552/da4/0f8/thumb_2106_210x140_0_0_crop.png
            [author] => RainLab
            [hash] => 4b893d1c085a298e9b9b1d13635a675f
            [demo_url] => 
            [product_url] => http://octobercms.com/theme/rainlab-vanilla
        )

    [2] => Array
        (
            [name] => Squad
            [description] => Squad is a free Bootstrap template from BootstrapTaste for creatives, with a simple and modern layout.
            [code] => FabricioRabelo.Squad
            [updated_at] => 2015-03-13 03:12:19
            [image] => http://octobercms.com/storage/app/uploads/public/550/1dc/ab8/thumb_1856_210x140_0_0_crop.png
            [author] => Fabricio Rabelo
            [hash] => 51d8895eebb41014c40666339c9547a5
            [demo_url] => http://squad.fabriciorabelo.com
            [product_url] => http://octobercms.com/theme/fabriciorabelo-squad
        )

    [3] => Array
        (
            [name] => Flat UI
            [description] => A theme that uses a Flat user-interface and has no dependencies on others plugins.
            [code] => Responsiv.Flat
            [updated_at] => 2014-07-23 21:32:51
            [image] => http://octobercms.com/storage/app/uploads/public/53d/084/fbc/thumb_543_210x140_0_0_crop.png
            [author] => Responsiv Internet
            [hash] => 463117738421d4b358accaec12d252dd
            [demo_url] => 
            [product_url] => http://octobercms.com/theme/responsiv-flat
        )

)

.============================ POST REQUEST ==========================.
[2016/10/31 09:46:39] Postback payload: Array
(
    [name] => RainLab.Relax
    [handler] => onThemeDetails
)

.============================ POST REQUEST ==========================.
[2016/10/31 09:46:42] Postback payload: Array
(
    [name] => RainLab.Relax
    [handler] => onThemeDetails
)

[2016/10/31 09:46:45] Server request: theme/detail
[2016/10/31 09:46:45] Request information: Array
(
    [url] => http://octobercms.com/api/theme/detail
    [content_type] => application/json
    [http_code] => 200
    [header_size] => 775
    [request_size] => 210
    [filetime] => -1
    [ssl_verify_result] => 0
    [redirect_count] => 0
    [total_time] => 5.849127
    [namelookup_time] => 5.514743
    [connect_time] => 5.545308
    [pretransfer_time] => 5.545336
    [size_upload] => 71
    [size_download] => 1253
    [speed_download] => 214
    [speed_upload] => 12
    [download_content_length] => 1253
    [upload_content_length] => 71
    [starttransfer_time] => 5.8491
    [redirect_time] => 0
    [redirect_url] => 
    [primary_ip] => 104.24.113.12
    [certinfo] => Array
        (
        )

    [primary_port] => 80
    [local_ip] => 138.255.154.180
    [local_port] => 40780
)

[2016/10/31 09:46:45] Execute handler (onThemeDetails): Array
(
    [name] => Relax
    [description] => A fictional site called House of Chairs that demonstrates how to build a client-friendly website.
    [code] => RainLab.Relax
    [updated_at] => 2015-07-01 19:16:08
    [image] => http://octobercms.com/storage/app/uploads/public/559/49e/2da/thumb_2585_210x140_0_0_crop.png
    [author] => RainLab
    [hash] => a35c64b09ad6347b8a226291e5b8fd75
    [demo_url] => 
    [product_url] => http://octobercms.com/theme/rainlab-relax
    [require] => Array
        (
            [0] => Array
                (
                    [name] => User
                    [description] => Front-end user management.
                    [code] => RainLab.User
                    [updated_at] => 2014-05-02 00:49:16
                    [image] => http://placehold.it/64x64
                    [author] => October
                    [hash] => f1a42f3ef7b81d54e782c6a6a62e3cf8
                    [demo_url] => 
                    [product_url] => 
                )

            [1] => Array
                (
                    [name] => Blog
                    [description] => A robust blogging platform.
                    [code] => RainLab.Blog
                    [updated_at] => 2014-05-02 01:17:59
                    [image] => http://placehold.it/64x64
                    [author] => October
                    [hash] => 977e7883b91949c02975720fa293835f
                    [demo_url] => 
                    [product_url] => 
                )

            [2] => Array
                (
                    [name] => Static Pages
                    [description] => Adds static pages, menus and breadcrumbs features to OctoberCMS.
                    [code] => RainLab.Pages
                    [updated_at] => 2014-09-18 20:26:54
                    [image] => http://placehold.it/64x64
                    [author] => October
                    [hash] => 428833dfa1a90acb0ab66100aa1b9614
                    [demo_url] => 
                    [product_url] => 
                )

        )

)

.============================ POST REQUEST ==========================.
[2016/10/31 09:46:45] Postback payload: Array
(
    [step] => getMetaData
    [meta] => 
    [plugins] => Array
        (
            [0] => Array
                (
                    [name] => User
                    [description] => Front-end user management.
                    [code] => RainLab.User
                    [updated_at] => 2014-05-02 00:49:16
                    [image] => http://placehold.it/64x64
                    [author] => October
                    [hash] => f1a42f3ef7b81d54e782c6a6a62e3cf8
                    [demo_url] => 
                    [product_url] => 
                )

            [1] => Array
                (
                    [name] => Blog
                    [description] => A robust blogging platform.
                    [code] => RainLab.Blog
                    [updated_at] => 2014-05-02 01:17:59
                    [image] => http://placehold.it/64x64
                    [author] => October
                    [hash] => 977e7883b91949c02975720fa293835f
                    [demo_url] => 
                    [product_url] => 
                )

            [2] => Array
                (
                    [name] => Static Pages
                    [description] => Adds static pages, menus and breadcrumbs features to OctoberCMS.
                    [code] => RainLab.Pages
                    [updated_at] => 2014-09-18 20:26:54
                    [image] => http://placehold.it/64x64
                    [author] => October
                    [hash] => 428833dfa1a90acb0ab66100aa1b9614
                    [demo_url] => 
                    [product_url] => 
                )

        )

    [themes] => Array
        (
            [0] => Array
                (
                    [name] => Relax
                    [description] => A fictional site called House of Chairs that demonstrates how to build a client-friendly website.
                    [code] => RainLab.Relax
                    [updated_at] => 2015-07-01 19:16:08
                    [image] => http://octobercms.com/storage/app/uploads/public/559/49e/2da/thumb_2585_210x140_0_0_crop.png
                    [author] => RainLab
                    [hash] => a35c64b09ad6347b8a226291e5b8fd75
                    [demo_url] => 
                    [product_url] => http://octobercms.com/theme/rainlab-relax
                    [require] => Array
                        (
                            [0] => Array
                                (
                                    [name] => User
                                    [description] => Front-end user management.
                                    [code] => RainLab.User
                                    [updated_at] => 2014-05-02 00:49:16
                                    [image] => http://placehold.it/64x64
                                    [author] => October
                                    [hash] => f1a42f3ef7b81d54e782c6a6a62e3cf8
                                    [demo_url] => 
                                    [product_url] => 
                                )

                            [1] => Array
                                (
                                    [name] => Blog
                                    [description] => A robust blogging platform.
                                    [code] => RainLab.Blog
                                    [updated_at] => 2014-05-02 01:17:59
                                    [image] => http://placehold.it/64x64
                                    [author] => October
                                    [hash] => 977e7883b91949c02975720fa293835f
                                    [demo_url] => 
                                    [product_url] => 
                                )

                            [2] => Array
                                (
                                    [name] => Static Pages
                                    [description] => Adds static pages, menus and breadcrumbs features to OctoberCMS.
                                    [code] => RainLab.Pages
                                    [updated_at] => 2014-09-18 20:26:54
                                    [image] => http://placehold.it/64x64
                                    [author] => October
                                    [hash] => 428833dfa1a90acb0ab66100aa1b9614
                                    [demo_url] => 
                                    [product_url] => 
                                )

                        )

                )

        )

    [handler] => onInstallStep
)

[2016/10/31 09:46:45] Install step: getMetaData
[2016/10/31 09:46:46] Server request: core/install
[2016/10/31 09:46:46] Request information: Array
(
    [url] => http://octobercms.com/api/core/install
    [content_type] => application/json
    [http_code] => 200
    [header_size] => 772
    [request_size] => 305
    [filetime] => -1
    [ssl_verify_result] => 0
    [redirect_count] => 0
    [total_time] => 0.391756
    [namelookup_time] => 1.4E-5
    [connect_time] => 0.030834
    [pretransfer_time] => 0.030856
    [size_upload] => 165
    [size_download] => 334
    [speed_download] => 852
    [speed_upload] => 421
    [download_content_length] => 334
    [upload_content_length] => 165
    [starttransfer_time] => 0.391737
    [redirect_time] => 0
    [redirect_url] => 
    [primary_ip] => 104.24.113.12
    [certinfo] => Array
        (
        )

    [primary_port] => 80
    [local_ip] => 138.255.154.180
    [local_port] => 40782
)

[2016/10/31 09:46:46] Step getMetaData +OK
[2016/10/31 09:46:46] Execute handler (onInstallStep): Array
(
    [result] => Array
        (
            [core] => Array
                (
                    [hash] => 168a325668cad0d0150386cd70f38ee4
                    [build] => 376
                    [uhash] => ca5ef4c35c423dc4e66260030c3f1c64
                )

            [plugins] => Array
                (
                    [RainLab.Blog] => 977e7883b91949c02975720fa293835f
                    [RainLab.Pages] => 428833dfa1a90acb0ab66100aa1b9614
                    [RainLab.User] => f1a42f3ef7b81d54e782c6a6a62e3cf8
                )

            [themes] => Array
                (
                    [RainLab.Relax] => a35c64b09ad6347b8a226291e5b8fd75
                )

        )

)

.============================ POST REQUEST ==========================.
[2016/10/31 09:46:46] Postback payload: Array
(
    [step] => downloadCore
    [meta] => Array
        (
            [core] => Array
                (
                    [hash] => 168a325668cad0d0150386cd70f38ee4
                    [build] => 376
                    [uhash] => ca5ef4c35c423dc4e66260030c3f1c64
                )

            [plugins] => Array
                (
                    [RainLab.Blog] => 977e7883b91949c02975720fa293835f
                    [RainLab.Pages] => 428833dfa1a90acb0ab66100aa1b9614
                    [RainLab.User] => f1a42f3ef7b81d54e782c6a6a62e3cf8
                )

            [themes] => Array
                (
                    [RainLab.Relax] => a35c64b09ad6347b8a226291e5b8fd75
                )

        )

    [handler] => onInstallStep
)

[2016/10/31 09:46:46] Install step: downloadCore
[2016/10/31 09:46:48] Saving to file (core): /var/www/html/october/install_files/temp/a74ad8dfacd4f985eb3977517615ce25.arc
[2016/10/31 09:46:48] Step downloadCore +OK
[2016/10/31 09:46:48] Execute handler (onInstallStep): Array
(
    [result] => 
)

.============================ POST REQUEST ==========================.
[2016/10/31 09:46:48] Postback payload: Array
(
    [step] => downloadPlugin
    [meta] => Array
        (
            [core] => Array
                (
                    [hash] => 168a325668cad0d0150386cd70f38ee4
                    [build] => 376
                    [uhash] => ca5ef4c35c423dc4e66260030c3f1c64
                )

            [plugins] => Array
                (
                    [RainLab.Blog] => 977e7883b91949c02975720fa293835f
                    [RainLab.Pages] => 428833dfa1a90acb0ab66100aa1b9614
                    [RainLab.User] => f1a42f3ef7b81d54e782c6a6a62e3cf8
                )

            [themes] => Array
                (
                    [RainLab.Relax] => a35c64b09ad6347b8a226291e5b8fd75
                )

        )

    [name] => RainLab.User
    [handler] => onInstallStep
)

[2016/10/31 09:46:48] Install step: downloadPlugin
[2016/10/31 09:46:48] Server request: theme/detail
[2016/10/31 09:46:48] Request information: Array
(
    [url] => http://octobercms.com/api/theme/detail
    [content_type] => application/json
    [http_code] => 200
    [header_size] => 773
    [request_size] => 210
    [filetime] => -1
    [ssl_verify_result] => 0
    [redirect_count] => 0
    [total_time] => 5.820216
    [namelookup_time] => 5.514772
    [connect_time] => 5.545288
    [pretransfer_time] => 5.545316
    [size_upload] => 71
    [size_download] => 1253
    [speed_download] => 215
    [speed_upload] => 12
    [download_content_length] => 1253
    [upload_content_length] => 71
    [starttransfer_time] => 5.820192
    [redirect_time] => 0
    [redirect_url] => 
    [primary_ip] => 104.24.113.12
    [certinfo] => Array
        (
        )

    [primary_port] => 80
    [local_ip] => 138.255.154.180
    [local_port] => 40786
)

[2016/10/31 09:46:48] Execute handler (onThemeDetails): Array
(
    [name] => Relax
    [description] => A fictional site called House of Chairs that demonstrates how to build a client-friendly website.
    [code] => RainLab.Relax
    [updated_at] => 2015-07-01 19:16:08
    [image] => http://octobercms.com/storage/app/uploads/public/559/49e/2da/thumb_2585_210x140_0_0_crop.png
    [author] => RainLab
    [hash] => a35c64b09ad6347b8a226291e5b8fd75
    [demo_url] => 
    [product_url] => http://octobercms.com/theme/rainlab-relax
    [require] => Array
        (
            [0] => Array
                (
                    [name] => User
                    [description] => Front-end user management.
                    [code] => RainLab.User
                    [updated_at] => 2014-05-02 00:49:16
                    [image] => http://placehold.it/64x64
                    [author] => October
                    [hash] => f1a42f3ef7b81d54e782c6a6a62e3cf8
                    [demo_url] => 
                    [product_url] => 
                )

            [1] => Array
                (
                    [name] => Blog
                    [description] => A robust blogging platform.
                    [code] => RainLab.Blog
                    [updated_at] => 2014-05-02 01:17:59
                    [image] => http://placehold.it/64x64
                    [author] => October
                    [hash] => 977e7883b91949c02975720fa293835f
                    [demo_url] => 
                    [product_url] => 
                )

            [2] => Array
                (
                    [name] => Static Pages
                    [description] => Adds static pages, menus and breadcrumbs features to OctoberCMS.
                    [code] => RainLab.Pages
                    [updated_at] => 2014-09-18 20:26:54
                    [image] => http://placehold.it/64x64
                    [author] => October
                    [hash] => 428833dfa1a90acb0ab66100aa1b9614
                    [demo_url] => 
                    [product_url] => 
                )

        )

)

[2016/10/31 09:46:49] Saving to file (RainLab.User-plugin): /var/www/html/october/install_files/temp/cb06f7335746d285c7d743325010ffae.arc
[2016/10/31 09:46:49] Step downloadPlugin +OK
[2016/10/31 09:46:49] Execute handler (onInstallStep): Array
(
    [result] => 
)

.============================ POST REQUEST ==========================.
[2016/10/31 09:46:49] Postback payload: Array
(
    [step] => downloadPlugin
    [meta] => Array
        (
            [core] => Array
                (
                    [hash] => 168a325668cad0d0150386cd70f38ee4
                    [build] => 376
                    [uhash] => ca5ef4c35c423dc4e66260030c3f1c64
                )

            [plugins] => Array
                (
                    [RainLab.Blog] => 977e7883b91949c02975720fa293835f
                    [RainLab.Pages] => 428833dfa1a90acb0ab66100aa1b9614
                    [RainLab.User] => f1a42f3ef7b81d54e782c6a6a62e3cf8
                )

            [themes] => Array
                (
                    [RainLab.Relax] => a35c64b09ad6347b8a226291e5b8fd75
                )

        )

    [name] => RainLab.Blog
    [handler] => onInstallStep
)

[2016/10/31 09:46:49] Install step: downloadPlugin
[2016/10/31 09:46:49] Saving to file (RainLab.Blog-plugin): /var/www/html/october/install_files/temp/33b538b0804bdcfce25684369ded882c.arc
[2016/10/31 09:46:49] Step downloadPlugin +OK
[2016/10/31 09:46:49] Execute handler (onInstallStep): Array
(
    [result] => 
)

.============================ POST REQUEST ==========================.
[2016/10/31 09:46:50] Postback payload: Array
(
    [step] => downloadPlugin
    [meta] => Array
        (
            [core] => Array
                (
                    [hash] => 168a325668cad0d0150386cd70f38ee4
                    [build] => 376
                    [uhash] => ca5ef4c35c423dc4e66260030c3f1c64
                )

            [plugins] => Array
                (
                    [RainLab.Blog] => 977e7883b91949c02975720fa293835f
                    [RainLab.Pages] => 428833dfa1a90acb0ab66100aa1b9614
                    [RainLab.User] => f1a42f3ef7b81d54e782c6a6a62e3cf8
                )

            [themes] => Array
                (
                    [RainLab.Relax] => a35c64b09ad6347b8a226291e5b8fd75
                )

        )

    [name] => RainLab.Pages
    [handler] => onInstallStep
)

[2016/10/31 09:46:50] Install step: downloadPlugin
[2016/10/31 09:46:50] Saving to file (RainLab.Pages-plugin): /var/www/html/october/install_files/temp/7fc795dfd94f1a9581184e5b87ee5218.arc
[2016/10/31 09:46:50] Step downloadPlugin +OK
[2016/10/31 09:46:50] Execute handler (onInstallStep): Array
(
    [result] => 
)

.============================ POST REQUEST ==========================.
[2016/10/31 09:46:51] Postback payload: Array
(
    [step] => downloadTheme
    [meta] => Array
        (
            [core] => Array
                (
                    [hash] => 168a325668cad0d0150386cd70f38ee4
                    [build] => 376
                    [uhash] => ca5ef4c35c423dc4e66260030c3f1c64
                )

            [plugins] => Array
                (
                    [RainLab.Blog] => 977e7883b91949c02975720fa293835f
                    [RainLab.Pages] => 428833dfa1a90acb0ab66100aa1b9614
                    [RainLab.User] => f1a42f3ef7b81d54e782c6a6a62e3cf8
                )

            [themes] => Array
                (
                    [RainLab.Relax] => a35c64b09ad6347b8a226291e5b8fd75
                )

        )

    [name] => RainLab.Relax
    [handler] => onInstallStep
)

[2016/10/31 09:46:51] Install step: downloadTheme
[2016/10/31 09:46:52] Saving to file (RainLab.Relax-theme): /var/www/html/october/install_files/temp/f20241df53a379797d71e0d28530ce1f.arc
[2016/10/31 09:46:52] Step downloadTheme +OK
[2016/10/31 09:46:52] Execute handler (onInstallStep): Array
(
    [result] => 
)

.============================ POST REQUEST ==========================.
[2016/10/31 09:46:52] Postback payload: Array
(
    [step] => extractCore
    [meta] => Array
        (
            [core] => Array
                (
                    [hash] => 168a325668cad0d0150386cd70f38ee4
                    [build] => 376
                    [uhash] => ca5ef4c35c423dc4e66260030c3f1c64
                )

            [plugins] => Array
                (
                    [RainLab.Blog] => 977e7883b91949c02975720fa293835f
                    [RainLab.Pages] => 428833dfa1a90acb0ab66100aa1b9614
                    [RainLab.User] => f1a42f3ef7b81d54e782c6a6a62e3cf8
                )

            [themes] => Array
                (
                    [RainLab.Relax] => a35c64b09ad6347b8a226291e5b8fd75
                )

        )

    [handler] => onInstallStep
)

[2016/10/31 09:46:52] Install step: extractCore
[2016/10/31 09:46:52] Extracting file (core): a74ad8dfacd4f985eb3977517615ce25.arc
[2016/10/31 09:46:54] Step extractCore +OK
[2016/10/31 09:46:54] Execute handler (onInstallStep): Array
(
    [result] => 1
)

.============================ POST REQUEST ==========================.
[2016/10/31 09:46:54] Postback payload: Array
(
    [step] => extractPlugin
    [meta] => Array
        (
            [core] => Array
                (
                    [hash] => 168a325668cad0d0150386cd70f38ee4
                    [build] => 376
                    [uhash] => ca5ef4c35c423dc4e66260030c3f1c64
                )

            [plugins] => Array
                (
                    [RainLab.Blog] => 977e7883b91949c02975720fa293835f
                    [RainLab.Pages] => 428833dfa1a90acb0ab66100aa1b9614
                    [RainLab.User] => f1a42f3ef7b81d54e782c6a6a62e3cf8
                )

            [themes] => Array
                (
                    [RainLab.Relax] => a35c64b09ad6347b8a226291e5b8fd75
                )

        )

    [name] => RainLab.User
    [handler] => onInstallStep
)

[2016/10/31 09:46:54] Install step: extractPlugin
[2016/10/31 09:46:54] Extracting file (RainLab.User-plugin): cb06f7335746d285c7d743325010ffae.arc
[2016/10/31 09:46:54] Step extractPlugin +OK
[2016/10/31 09:46:54] Execute handler (onInstallStep): Array
(
    [result] => 1
)

.============================ POST REQUEST ==========================.
[2016/10/31 09:46:54] Postback payload: Array
(
    [step] => extractPlugin
    [meta] => Array
        (
            [core] => Array
                (
                    [hash] => 168a325668cad0d0150386cd70f38ee4
                    [build] => 376
                    [uhash] => ca5ef4c35c423dc4e66260030c3f1c64
                )

            [plugins] => Array
                (
                    [RainLab.Blog] => 977e7883b91949c02975720fa293835f
                    [RainLab.Pages] => 428833dfa1a90acb0ab66100aa1b9614
                    [RainLab.User] => f1a42f3ef7b81d54e782c6a6a62e3cf8
                )

            [themes] => Array
                (
                    [RainLab.Relax] => a35c64b09ad6347b8a226291e5b8fd75
                )

        )

    [name] => RainLab.Blog
    [handler] => onInstallStep
)

[2016/10/31 09:46:54] Install step: extractPlugin
[2016/10/31 09:46:54] Extracting file (RainLab.Blog-plugin): 33b538b0804bdcfce25684369ded882c.arc
[2016/10/31 09:46:54] Step extractPlugin +OK
[2016/10/31 09:46:54] Execute handler (onInstallStep): Array
(
    [result] => 1
)

.============================ POST REQUEST ==========================.
[2016/10/31 09:46:55] Postback payload: Array
(
    [step] => extractPlugin
    [meta] => Array
        (
            [core] => Array
                (
                    [hash] => 168a325668cad0d0150386cd70f38ee4
                    [build] => 376
                    [uhash] => ca5ef4c35c423dc4e66260030c3f1c64
                )

            [plugins] => Array
                (
                    [RainLab.Blog] => 977e7883b91949c02975720fa293835f
                    [RainLab.Pages] => 428833dfa1a90acb0ab66100aa1b9614
                    [RainLab.User] => f1a42f3ef7b81d54e782c6a6a62e3cf8
                )

            [themes] => Array
                (
                    [RainLab.Relax] => a35c64b09ad6347b8a226291e5b8fd75
                )

        )

    [name] => RainLab.Pages
    [handler] => onInstallStep
)

[2016/10/31 09:46:55] Install step: extractPlugin
[2016/10/31 09:46:55] Extracting file (RainLab.Pages-plugin): 7fc795dfd94f1a9581184e5b87ee5218.arc
[2016/10/31 09:46:55] Step extractPlugin +OK
[2016/10/31 09:46:55] Execute handler (onInstallStep): Array
(
    [result] => 1
)

.============================ POST REQUEST ==========================.
[2016/10/31 09:46:55] Postback payload: Array
(
    [step] => extractTheme
    [meta] => Array
        (
            [core] => Array
                (
                    [hash] => 168a325668cad0d0150386cd70f38ee4
                    [build] => 376
                    [uhash] => ca5ef4c35c423dc4e66260030c3f1c64
                )

            [plugins] => Array
                (
                    [RainLab.Blog] => 977e7883b91949c02975720fa293835f
                    [RainLab.Pages] => 428833dfa1a90acb0ab66100aa1b9614
                    [RainLab.User] => f1a42f3ef7b81d54e782c6a6a62e3cf8
                )

            [themes] => Array
                (
                    [RainLab.Relax] => a35c64b09ad6347b8a226291e5b8fd75
                )

        )

    [name] => RainLab.Relax
    [handler] => onInstallStep
)

[2016/10/31 09:46:55] Install step: extractTheme
[2016/10/31 09:46:55] Extracting file (RainLab.Relax-theme): f20241df53a379797d71e0d28530ce1f.arc
[2016/10/31 09:46:55] Step extractTheme +OK
[2016/10/31 09:46:55] Execute handler (onInstallStep): Array
(
    [result] => 1
)

.============================ POST REQUEST ==========================.
[2016/10/31 09:46:55] Postback payload: Array
(
    [step] => setupConfig
    [meta] => Array
        (
            [core] => Array
                (
                    [hash] => 168a325668cad0d0150386cd70f38ee4
                    [build] => 376
                    [uhash] => ca5ef4c35c423dc4e66260030c3f1c64
                )

            [plugins] => Array
                (
                    [RainLab.Blog] => 977e7883b91949c02975720fa293835f
                    [RainLab.Pages] => 428833dfa1a90acb0ab66100aa1b9614
                    [RainLab.User] => f1a42f3ef7b81d54e782c6a6a62e3cf8
                )

            [themes] => Array
                (
                    [RainLab.Relax] => a35c64b09ad6347b8a226291e5b8fd75
                )

        )

    [db_type] => pgsql
    [db_host] => localhost
    [db_port] => 
    [db_name] => sicues
    [db_user] => sicues
    [db_pass] => *******
    [admin_first_name] => Admin
    [admin_last_name] => Person
    [admin_email] => *******@*****.com
    [admin_login] => admin
    [admin_password] => *******
    [admin_confirm_password] => *******
    [backend_uri] => /backend
    [encryption_code] => *******
    [file_mask] => 777
    [folder_mask] => 777
    [active_theme] => RainLab.Relax
    [handler] => onInstallStep
)

[2016/10/31 09:46:55] Install step: setupConfig
[2016/10/31 09:46:55] Step setupConfig +OK
[2016/10/31 09:46:55] Execute handler (onInstallStep): Array
(
    [result] => 
)

.============================ POST REQUEST ==========================.
[2016/10/31 09:46:56] Postback payload: Array
(
    [step] => createAdmin
    [meta] => Array
        (
            [core] => Array
                (
                    [hash] => 168a325668cad0d0150386cd70f38ee4
                    [build] => 376
                    [uhash] => ca5ef4c35c423dc4e66260030c3f1c64
                )

            [plugins] => Array
                (
                    [RainLab.Blog] => 977e7883b91949c02975720fa293835f
                    [RainLab.Pages] => 428833dfa1a90acb0ab66100aa1b9614
                    [RainLab.User] => f1a42f3ef7b81d54e782c6a6a62e3cf8
                )

            [themes] => Array
                (
                    [RainLab.Relax] => a35c64b09ad6347b8a226291e5b8fd75
                )

        )

    [db_type] => pgsql
    [db_host] => localhost
    [db_port] => 
    [db_name] => sicues
    [db_user] => sicues
    [db_pass] => *******
    [admin_first_name] => Admin
    [admin_last_name] => Person
    [admin_email] => *******@*****.com
    [admin_login] => admin
    [admin_password] => *******
    [admin_confirm_password] => *******
    [backend_uri] => /backend
    [encryption_code] => *******
    [file_mask] => 777
    [folder_mask] => 777
    [active_theme] => RainLab.Relax
    [handler] => onInstallStep
)

[2016/10/31 09:46:56] Install step: createAdmin
[2016/10/31 09:47:07] Step createAdmin +OK
[2016/10/31 09:47:07] Execute handler (onInstallStep): Array
(
    [result] => 
)

.============================ POST REQUEST ==========================.
[2016/10/31 09:47:07] Postback payload: Array
(
    [disableLog] => 1
)

[2016/10/31 09:47:07] Install step: setupProject
[2016/10/31 09:47:07] Step setupProject +OK
[2016/10/31 09:47:07] Execute handler (onInstallStep): Array
(
    [result] => 
)

.============================ POST REQUEST ==========================.
[2016/10/31 09:47:08] Postback payload: Array
(
    [step] => finishInstall
    [meta] => Array
        (
            [core] => Array
                (
                    [hash] => 168a325668cad0d0150386cd70f38ee4
                    [build] => 376
                    [uhash] => ca5ef4c35c423dc4e66260030c3f1c64
                )

            [plugins] => Array
                (
                    [RainLab.Blog] => 977e7883b91949c02975720fa293835f
                    [RainLab.Pages] => 428833dfa1a90acb0ab66100aa1b9614
                    [RainLab.User] => f1a42f3ef7b81d54e782c6a6a62e3cf8
                )

            [themes] => Array
                (
                    [RainLab.Relax] => a35c64b09ad6347b8a226291e5b8fd75
                )

        )

    [hash] => 168a325668cad0d0150386cd70f38ee4
    [build] => 376
    [uhash] => ca5ef4c35c423dc4e66260030c3f1c64
    [handler] => onInstallStep
)

[2016/10/31 09:47:08] Install step: finishInstall
[2016/10/31 09:47:08] Cleaning up file: a74ad8dfacd4f985eb3977517615ce25.arc
[2016/10/31 09:47:08] Cleaning up file: 33b538b0804bdcfce25684369ded882c.arc
[2016/10/31 09:47:08] Cleaning up file: cb06f7335746d285c7d743325010ffae.arc
[2016/10/31 09:47:08] Cleaning up file: f20241df53a379797d71e0d28530ce1f.arc
[2016/10/31 09:47:08] Cleaning up file: 7fc795dfd94f1a9581184e5b87ee5218.arc
[2016/10/31 09:47:08] Step finishInstall +OK
[2016/10/31 09:47:08] Execute handler (onInstallStep): Array
(
    [result] => 
)

